import _frozen_importlib # frozen
import _imp # builtin
import '_thread' # <class '_frozen_importlib.BuiltinImporter'>
import '_warnings' # <class '_frozen_importlib.BuiltinImporter'>
import '_weakref' # <class '_frozen_importlib.BuiltinImporter'>
import '_io' # <class '_frozen_importlib.BuiltinImporter'>
import 'marshal' # <class '_frozen_importlib.BuiltinImporter'>
import 'nt' # <class '_frozen_importlib.BuiltinImporter'>
import 'winreg' # <class '_frozen_importlib.BuiltinImporter'>
import '_frozen_importlib_external' # <class '_frozen_importlib.FrozenImporter'>
# installing zipimport hook
import 'time' # <class '_frozen_importlib.BuiltinImporter'>
import 'zipimport' # <class '_frozen_importlib.FrozenImporter'>
# installed zipimport hook
import 'faulthandler' # <class '_frozen_importlib.BuiltinImporter'>
# C:\Users\sendb\AppData\Local\Programs\Python\Python39\lib\encodings\__pycache__\__init__.cpython-39.pyc matches C:\Users\sendb\AppData\Local\Programs\Python\Python39\lib\encodings\__init__.py
# code object from 'C:\\Users\\sendb\\AppData\\Local\\Programs\\Python\\Python39\\lib\\encodings\\__pycache__\\__init__.cpython-39.pyc'
# C:\Users\sendb\AppData\Local\Programs\Python\Python39\lib\__pycache__\codecs.cpython-39.pyc matches C:\Users\sendb\AppData\Local\Programs\Python\Python39\lib\codecs.py
# code object from 'C:\\Users\\sendb\\AppData\\Local\\Programs\\Python\\Python39\\lib\\__pycache__\\codecs.cpython-39.pyc'
import '_codecs' # <class '_frozen_importlib.BuiltinImporter'>
import 'codecs' # <_frozen_importlib_external.SourceFileLoader object at 0x00000202E94CF5F0>
# C:\Users\sendb\AppData\Local\Programs\Python\Python39\lib\encodings\__pycache__\aliases.cpython-39.pyc matches C:\Users\sendb\AppData\Local\Programs\Python\Python39\lib\encodings\aliases.py
# code object from 'C:\\Users\\sendb\\AppData\\Local\\Programs\\Python\\Python39\\lib\\encodings\\__pycache__\\aliases.cpython-39.pyc'
import 'encodings.aliases' # <_frozen_importlib_external.SourceFileLoader object at 0x00000202E94F08C0>
import 'encodings' # <_frozen_importlib_external.SourceFileLoader object at 0x00000202E94C1A00>
# C:\Users\sendb\AppData\Local\Programs\Python\Python39\lib\encodings\__pycache__\utf_8.cpython-39.pyc matches C:\Users\sendb\AppData\Local\Programs\Python\Python39\lib\encodings\utf_8.py
# code object from 'C:\\Users\\sendb\\AppData\\Local\\Programs\\Python\\Python39\\lib\\encodings\\__pycache__\\utf_8.cpython-39.pyc'
import 'encodings.utf_8' # <_frozen_importlib_external.SourceFileLoader object at 0x00000202E9505E10>
# C:\Users\sendb\AppData\Local\Programs\Python\Python39\lib\encodings\__pycache__\cp1252.cpython-39.pyc matches C:\Users\sendb\AppData\Local\Programs\Python\Python39\lib\encodings\cp1252.py
# code object from 'C:\\Users\\sendb\\AppData\\Local\\Programs\\Python\\Python39\\lib\\encodings\\__pycache__\\cp1252.cpython-39.pyc'
import 'encodings.cp1252' # <_frozen_importlib_external.SourceFileLoader object at 0x00000202E95093C0>
import '_signal' # <class '_frozen_importlib.BuiltinImporter'>
# C:\Users\sendb\AppData\Local\Programs\Python\Python39\lib\encodings\__pycache__\latin_1.cpython-39.pyc matches C:\Users\sendb\AppData\Local\Programs\Python\Python39\lib\encodings\latin_1.py
# code object from 'C:\\Users\\sendb\\AppData\\Local\\Programs\\Python\\Python39\\lib\\encodings\\__pycache__\\latin_1.cpython-39.pyc'
import 'encodings.latin_1' # <_frozen_importlib_external.SourceFileLoader object at 0x00000202E9509D20>
# C:\Users\sendb\AppData\Local\Programs\Python\Python39\lib\__pycache__\io.cpython-39.pyc matches C:\Users\sendb\AppData\Local\Programs\Python\Python39\lib\io.py
# code object from 'C:\\Users\\sendb\\AppData\\Local\\Programs\\Python\\Python39\\lib\\__pycache__\\io.cpython-39.pyc'
# C:\Users\sendb\AppData\Local\Programs\Python\Python39\lib\__pycache__\abc.cpython-39.pyc matches C:\Users\sendb\AppData\Local\Programs\Python\Python39\lib\abc.py
# code object from 'C:\\Users\\sendb\\AppData\\Local\\Programs\\Python\\Python39\\lib\\__pycache__\\abc.cpython-39.pyc'
import '_abc' # <class '_frozen_importlib.BuiltinImporter'>
import 'abc' # <_frozen_importlib_external.SourceFileLoader object at 0x00000202E9511730>
import 'io' # <_frozen_importlib_external.SourceFileLoader object at 0x00000202E9511230>
# C:\Users\sendb\AppData\Local\Programs\Python\Python39\lib\__pycache__\warnings.cpython-39.pyc matches C:\Users\sendb\AppData\Local\Programs\Python\Python39\lib\warnings.py
# code object from 'C:\\Users\\sendb\\AppData\\Local\\Programs\\Python\\Python39\\lib\\__pycache__\\warnings.cpython-39.pyc'
import 'warnings' # <_frozen_importlib_external.SourceFileLoader object at 0x00000202E9515B40>
# C:\Users\sendb\AppData\Local\Programs\Python\Python39\lib\__pycache__\site.cpython-39.pyc matches C:\Users\sendb\AppData\Local\Programs\Python\Python39\lib\site.py
# code object from 'C:\\Users\\sendb\\AppData\\Local\\Programs\\Python\\Python39\\lib\\__pycache__\\site.cpython-39.pyc'
# C:\Users\sendb\AppData\Local\Programs\Python\Python39\lib\__pycache__\os.cpython-39.pyc matches C:\Users\sendb\AppData\Local\Programs\Python\Python39\lib\os.py
# code object from 'C:\\Users\\sendb\\AppData\\Local\\Programs\\Python\\Python39\\lib\\__pycache__\\os.cpython-39.pyc'
# C:\Users\sendb\AppData\Local\Programs\Python\Python39\lib\__pycache__\stat.cpython-39.pyc matches C:\Users\sendb\AppData\Local\Programs\Python\Python39\lib\stat.py
# code object from 'C:\\Users\\sendb\\AppData\\Local\\Programs\\Python\\Python39\\lib\\__pycache__\\stat.cpython-39.pyc'
import '_stat' # <class '_frozen_importlib.BuiltinImporter'>
import 'stat' # <_frozen_importlib_external.SourceFileLoader object at 0x00000202E953FEB0>
# C:\Users\sendb\AppData\Local\Programs\Python\Python39\lib\__pycache__\_collections_abc.cpython-39.pyc matches C:\Users\sendb\AppData\Local\Programs\Python\Python39\lib\_collections_abc.py
# code object from 'C:\\Users\\sendb\\AppData\\Local\\Programs\\Python\\Python39\\lib\\__pycache__\\_collections_abc.cpython-39.pyc'
import '_collections_abc' # <_frozen_importlib_external.SourceFileLoader object at 0x00000202E95430F0>
# C:\Users\sendb\AppData\Local\Programs\Python\Python39\lib\__pycache__\ntpath.cpython-39.pyc matches C:\Users\sendb\AppData\Local\Programs\Python\Python39\lib\ntpath.py
# code object from 'C:\\Users\\sendb\\AppData\\Local\\Programs\\Python\\Python39\\lib\\__pycache__\\ntpath.cpython-39.pyc'
# C:\Users\sendb\AppData\Local\Programs\Python\Python39\lib\__pycache__\genericpath.cpython-39.pyc matches C:\Users\sendb\AppData\Local\Programs\Python\Python39\lib\genericpath.py
# code object from 'C:\\Users\\sendb\\AppData\\Local\\Programs\\Python\\Python39\\lib\\__pycache__\\genericpath.cpython-39.pyc'
import 'genericpath' # <_frozen_importlib_external.SourceFileLoader object at 0x00000202E9580550>
import 'ntpath' # <_frozen_importlib_external.SourceFileLoader object at 0x00000202E9546F50>
import 'os' # <_frozen_importlib_external.SourceFileLoader object at 0x00000202E952D640>
# C:\Users\sendb\AppData\Local\Programs\Python\Python39\lib\__pycache__\_sitebuiltins.cpython-39.pyc matches C:\Users\sendb\AppData\Local\Programs\Python\Python39\lib\_sitebuiltins.py
# code object from 'C:\\Users\\sendb\\AppData\\Local\\Programs\\Python\\Python39\\lib\\__pycache__\\_sitebuiltins.cpython-39.pyc'
import '_sitebuiltins' # <_frozen_importlib_external.SourceFileLoader object at 0x00000202E952DDC0>
# C:\Users\sendb\AppData\Local\Programs\Python\Python39\lib\__pycache__\_bootlocale.cpython-39.pyc matches C:\Users\sendb\AppData\Local\Programs\Python\Python39\lib\_bootlocale.py
# code object from 'C:\\Users\\sendb\\AppData\\Local\\Programs\\Python\\Python39\\lib\\__pycache__\\_bootlocale.cpython-39.pyc'
import '_locale' # <class '_frozen_importlib.BuiltinImporter'>
import '_bootlocale' # <_frozen_importlib_external.SourceFileLoader object at 0x00000202E953D1E0>
# C:\Users\sendb\AppData\Local\Programs\Python\Python39\lib\__pycache__\types.cpython-39.pyc matches C:\Users\sendb\AppData\Local\Programs\Python\Python39\lib\types.py
# code object from 'C:\\Users\\sendb\\AppData\\Local\\Programs\\Python\\Python39\\lib\\__pycache__\\types.cpython-39.pyc'
import 'types' # <_frozen_importlib_external.SourceFileLoader object at 0x00000202E9598820>
# C:\Users\sendb\AppData\Local\Programs\Python\Python39\lib\importlib\__pycache__\__init__.cpython-39.pyc matches C:\Users\sendb\AppData\Local\Programs\Python\Python39\lib\importlib\__init__.py
# code object from 'C:\\Users\\sendb\\AppData\\Local\\Programs\\Python\\Python39\\lib\\importlib\\__pycache__\\__init__.cpython-39.pyc'
import 'importlib' # <_frozen_importlib_external.SourceFileLoader object at 0x00000202E959D960>
# C:\Users\sendb\AppData\Local\Programs\Python\Python39\lib\importlib\__pycache__\util.cpython-39.pyc matches C:\Users\sendb\AppData\Local\Programs\Python\Python39\lib\importlib\util.py
# code object from 'C:\\Users\\sendb\\AppData\\Local\\Programs\\Python\\Python39\\lib\\importlib\\__pycache__\\util.cpython-39.pyc'
# C:\Users\sendb\AppData\Local\Programs\Python\Python39\lib\importlib\__pycache__\abc.cpython-39.pyc matches C:\Users\sendb\AppData\Local\Programs\Python\Python39\lib\importlib\abc.py
# code object from 'C:\\Users\\sendb\\AppData\\Local\\Programs\\Python\\Python39\\lib\\importlib\\__pycache__\\abc.cpython-39.pyc'
# C:\Users\sendb\AppData\Local\Programs\Python\Python39\lib\importlib\__pycache__\machinery.cpython-39.pyc matches C:\Users\sendb\AppData\Local\Programs\Python\Python39\lib\importlib\machinery.py
# code object from 'C:\\Users\\sendb\\AppData\\Local\\Programs\\Python\\Python39\\lib\\importlib\\__pycache__\\machinery.cpython-39.pyc'
import 'importlib.machinery' # <_frozen_importlib_external.SourceFileLoader object at 0x00000202E9CD8190>
# C:\Users\sendb\AppData\Local\Programs\Python\Python39\lib\__pycache__\typing.cpython-39.pyc matches C:\Users\sendb\AppData\Local\Programs\Python\Python39\lib\typing.py
# code object from 'C:\\Users\\sendb\\AppData\\Local\\Programs\\Python\\Python39\\lib\\__pycache__\\typing.cpython-39.pyc'
# C:\Users\sendb\AppData\Local\Programs\Python\Python39\lib\collections\__pycache__\__init__.cpython-39.pyc matches C:\Users\sendb\AppData\Local\Programs\Python\Python39\lib\collections\__init__.py
# code object from 'C:\\Users\\sendb\\AppData\\Local\\Programs\\Python\\Python39\\lib\\collections\\__pycache__\\__init__.cpython-39.pyc'
# C:\Users\sendb\AppData\Local\Programs\Python\Python39\lib\__pycache__\heapq.cpython-39.pyc matches C:\Users\sendb\AppData\Local\Programs\Python\Python39\lib\heapq.py
# code object from 'C:\\Users\\sendb\\AppData\\Local\\Programs\\Python\\Python39\\lib\\__pycache__\\heapq.cpython-39.pyc'
import '_heapq' # <class '_frozen_importlib.BuiltinImporter'>
import 'heapq' # <_frozen_importlib_external.SourceFileLoader object at 0x00000202E9D297D0>
import 'itertools' # <class '_frozen_importlib.BuiltinImporter'>
# C:\Users\sendb\AppData\Local\Programs\Python\Python39\lib\__pycache__\keyword.cpython-39.pyc matches C:\Users\sendb\AppData\Local\Programs\Python\Python39\lib\keyword.py
# code object from 'C:\\Users\\sendb\\AppData\\Local\\Programs\\Python\\Python39\\lib\\__pycache__\\keyword.cpython-39.pyc'
import 'keyword' # <_frozen_importlib_external.SourceFileLoader object at 0x00000202E9D2EEB0>
# C:\Users\sendb\AppData\Local\Programs\Python\Python39\lib\__pycache__\operator.cpython-39.pyc matches C:\Users\sendb\AppData\Local\Programs\Python\Python39\lib\operator.py
# code object from 'C:\\Users\\sendb\\AppData\\Local\\Programs\\Python\\Python39\\lib\\__pycache__\\operator.cpython-39.pyc'
import '_operator' # <class '_frozen_importlib.BuiltinImporter'>
import 'operator' # <_frozen_importlib_external.SourceFileLoader object at 0x00000202E9D3AB40>
# C:\Users\sendb\AppData\Local\Programs\Python\Python39\lib\__pycache__\reprlib.cpython-39.pyc matches C:\Users\sendb\AppData\Local\Programs\Python\Python39\lib\reprlib.py
# code object from 'C:\\Users\\sendb\\AppData\\Local\\Programs\\Python\\Python39\\lib\\__pycache__\\reprlib.cpython-39.pyc'
import 'reprlib' # <_frozen_importlib_external.SourceFileLoader object at 0x00000202E9D3DA50>
import '_collections' # <class '_frozen_importlib.BuiltinImporter'>
import 'collections' # <_frozen_importlib_external.SourceFileLoader object at 0x00000202E9D046E0>
# C:\Users\sendb\AppData\Local\Programs\Python\Python39\lib\collections\__pycache__\abc.cpython-39.pyc matches C:\Users\sendb\AppData\Local\Programs\Python\Python39\lib\collections\abc.py
# code object from 'C:\\Users\\sendb\\AppData\\Local\\Programs\\Python\\Python39\\lib\\collections\\__pycache__\\abc.cpython-39.pyc'
import 'collections.abc' # <_frozen_importlib_external.SourceFileLoader object at 0x00000202E9D04FA0>
# C:\Users\sendb\AppData\Local\Programs\Python\Python39\lib\__pycache__\contextlib.cpython-39.pyc matches C:\Users\sendb\AppData\Local\Programs\Python\Python39\lib\contextlib.py
# code object from 'C:\\Users\\sendb\\AppData\\Local\\Programs\\Python\\Python39\\lib\\__pycache__\\contextlib.cpython-39.pyc'
# C:\Users\sendb\AppData\Local\Programs\Python\Python39\lib\__pycache__\functools.cpython-39.pyc matches C:\Users\sendb\AppData\Local\Programs\Python\Python39\lib\functools.py
# code object from 'C:\\Users\\sendb\\AppData\\Local\\Programs\\Python\\Python39\\lib\\__pycache__\\functools.cpython-39.pyc'
import '_functools' # <class '_frozen_importlib.BuiltinImporter'>
import 'functools' # <_frozen_importlib_external.SourceFileLoader object at 0x00000202E9D58A00>
import 'contextlib' # <_frozen_importlib_external.SourceFileLoader object at 0x00000202E9D04F00>
# C:\Users\sendb\AppData\Local\Programs\Python\Python39\lib\__pycache__\re.cpython-39.pyc matches C:\Users\sendb\AppData\Local\Programs\Python\Python39\lib\re.py
# code object from 'C:\\Users\\sendb\\AppData\\Local\\Programs\\Python\\Python39\\lib\\__pycache__\\re.cpython-39.pyc'
# C:\Users\sendb\AppData\Local\Programs\Python\Python39\lib\__pycache__\enum.cpython-39.pyc matches C:\Users\sendb\AppData\Local\Programs\Python\Python39\lib\enum.py
# code object from 'C:\\Users\\sendb\\AppData\\Local\\Programs\\Python\\Python39\\lib\\__pycache__\\enum.cpython-39.pyc'
import 'enum' # <_frozen_importlib_external.SourceFileLoader object at 0x00000202E9D7E6E0>
# C:\Users\sendb\AppData\Local\Programs\Python\Python39\lib\__pycache__\sre_compile.cpython-39.pyc matches C:\Users\sendb\AppData\Local\Programs\Python\Python39\lib\sre_compile.py
# code object from 'C:\\Users\\sendb\\AppData\\Local\\Programs\\Python\\Python39\\lib\\__pycache__\\sre_compile.cpython-39.pyc'
import '_sre' # <class '_frozen_importlib.BuiltinImporter'>
# C:\Users\sendb\AppData\Local\Programs\Python\Python39\lib\__pycache__\sre_parse.cpython-39.pyc matches C:\Users\sendb\AppData\Local\Programs\Python\Python39\lib\sre_parse.py
# code object from 'C:\\Users\\sendb\\AppData\\Local\\Programs\\Python\\Python39\\lib\\__pycache__\\sre_parse.cpython-39.pyc'
# C:\Users\sendb\AppData\Local\Programs\Python\Python39\lib\__pycache__\sre_constants.cpython-39.pyc matches C:\Users\sendb\AppData\Local\Programs\Python\Python39\lib\sre_constants.py
# code object from 'C:\\Users\\sendb\\AppData\\Local\\Programs\\Python\\Python39\\lib\\__pycache__\\sre_constants.cpython-39.pyc'
import 'sre_constants' # <_frozen_importlib_external.SourceFileLoader object at 0x00000202E9DB01E0>
import 'sre_parse' # <_frozen_importlib_external.SourceFileLoader object at 0x00000202E9DA0640>
import 'sre_compile' # <_frozen_importlib_external.SourceFileLoader object at 0x00000202E9D92AA0>
# C:\Users\sendb\AppData\Local\Programs\Python\Python39\lib\__pycache__\copyreg.cpython-39.pyc matches C:\Users\sendb\AppData\Local\Programs\Python\Python39\lib\copyreg.py
# code object from 'C:\\Users\\sendb\\AppData\\Local\\Programs\\Python\\Python39\\lib\\__pycache__\\copyreg.cpython-39.pyc'
import 'copyreg' # <_frozen_importlib_external.SourceFileLoader object at 0x00000202E9DC1730>
import 're' # <_frozen_importlib_external.SourceFileLoader object at 0x00000202E9D0C0F0>
import 'typing' # <_frozen_importlib_external.SourceFileLoader object at 0x00000202E9CD8690>
import 'importlib.abc' # <_frozen_importlib_external.SourceFileLoader object at 0x00000202E9CC83C0>
import 'importlib.util' # <_frozen_importlib_external.SourceFileLoader object at 0x00000202E959DF00>
# possible namespace for C:\Users\sendb\AppData\Local\Programs\Python\Python39\lib\site-packages\google
# C:\Users\sendb\AppData\Local\Programs\Python\Python39\lib\site-packages\win32\lib\__pycache__\pywin32_bootstrap.cpython-39.pyc matches C:\Users\sendb\AppData\Local\Programs\Python\Python39\lib\site-packages\win32\lib\pywin32_bootstrap.py
# code object from 'C:\\Users\\sendb\\AppData\\Local\\Programs\\Python\\Python39\\lib\\site-packages\\win32\\lib\\__pycache__\\pywin32_bootstrap.cpython-39.pyc'
# possible namespace for C:\Users\sendb\AppData\Local\Programs\Python\Python39\lib\site-packages\pywin32_system32
import 'pywin32_system32' # <_frozen_importlib_external._NamespaceLoader object at 0x00000202E9586E10>
import 'pywin32_bootstrap' # <_frozen_importlib_external.SourceFileLoader object at 0x00000202E9E02AA0>
import 'site' # <_frozen_importlib_external.SourceFileLoader object at 0x00000202E951F730>
Python 3.9.9 (tags/v3.9.9:ccb0e6a, Nov 15 2021, 18:08:50) [MSC v.1929 64 bit (AMD64)] on win32
Type "help", "copyright", "credits" or "license" for more information.
# C:\Users\sendb\AppData\Local\Programs\Python\Python39\lib\__pycache__\hashlib.cpython-39.pyc matches C:\Users\sendb\AppData\Local\Programs\Python\Python39\lib\hashlib.py
# code object from 'C:\\Users\\sendb\\AppData\\Local\\Programs\\Python\\Python39\\lib\\__pycache__\\hashlib.cpython-39.pyc'
# C:\Users\sendb\AppData\Local\Programs\Python\Python39\lib\encodings\__pycache__\ascii.cpython-39.pyc matches C:\Users\sendb\AppData\Local\Programs\Python\Python39\lib\encodings\ascii.py
# code object from 'C:\\Users\\sendb\\AppData\\Local\\Programs\\Python\\Python39\\lib\\encodings\\__pycache__\\ascii.cpython-39.pyc'
import 'encodings.ascii' # <_frozen_importlib_external.SourceFileLoader object at 0x00000202E9E167D0>
# extension module '_hashlib' loaded from 'C:\\Users\\sendb\\AppData\\Local\\Programs\\Python\\Python39\\DLLs\\_hashlib.pyd'
# extension module '_hashlib' executed from 'C:\\Users\\sendb\\AppData\\Local\\Programs\\Python\\Python39\\DLLs\\_hashlib.pyd'
import '_hashlib' # <_frozen_importlib_external.ExtensionFileLoader object at 0x00000202E9E163C0>
import '_blake2' # <class '_frozen_importlib.BuiltinImporter'>
import 'hashlib' # <_frozen_importlib_external.SourceFileLoader object at 0x00000202E9E0F410>
# C:\Users\sendb\AppData\Local\Programs\Python\Python39\lib\json\__pycache__\__init__.cpython-39.pyc matches C:\Users\sendb\AppData\Local\Programs\Python\Python39\lib\json\__init__.py
# code object from 'C:\\Users\\sendb\\AppData\\Local\\Programs\\Python\\Python39\\lib\\json\\__pycache__\\__init__.cpython-39.pyc'
# C:\Users\sendb\AppData\Local\Programs\Python\Python39\lib\json\__pycache__\decoder.cpython-39.pyc matches C:\Users\sendb\AppData\Local\Programs\Python\Python39\lib\json\decoder.py
# code object from 'C:\\Users\\sendb\\AppData\\Local\\Programs\\Python\\Python39\\lib\\json\\__pycache__\\decoder.cpython-39.pyc'
# C:\Users\sendb\AppData\Local\Programs\Python\Python39\lib\json\__pycache__\scanner.cpython-39.pyc matches C:\Users\sendb\AppData\Local\Programs\Python\Python39\lib\json\scanner.py
# code object from 'C:\\Users\\sendb\\AppData\\Local\\Programs\\Python\\Python39\\lib\\json\\__pycache__\\scanner.cpython-39.pyc'
import '_json' # <class '_frozen_importlib.BuiltinImporter'>
import 'json.scanner' # <_frozen_importlib_external.SourceFileLoader object at 0x00000202E9E20AA0>
import 'json.decoder' # <_frozen_importlib_external.SourceFileLoader object at 0x00000202E9E16280>
# C:\Users\sendb\AppData\Local\Programs\Python\Python39\lib\json\__pycache__\encoder.cpython-39.pyc matches C:\Users\sendb\AppData\Local\Programs\Python\Python39\lib\json\encoder.py
# code object from 'C:\\Users\\sendb\\AppData\\Local\\Programs\\Python\\Python39\\lib\\json\\__pycache__\\encoder.cpython-39.pyc'
import 'json.encoder' # <_frozen_importlib_external.SourceFileLoader object at 0x00000202E9E234B0>
import 'json' # <_frozen_importlib_external.SourceFileLoader object at 0x00000202E9E0FEB0>
# C:\Users\sendb\AppData\Local\Programs\Python\Python39\lib\__pycache__\pathlib.cpython-39.pyc matches C:\Users\sendb\AppData\Local\Programs\Python\Python39\lib\pathlib.py
# code object from 'C:\\Users\\sendb\\AppData\\Local\\Programs\\Python\\Python39\\lib\\__pycache__\\pathlib.cpython-39.pyc'
# C:\Users\sendb\AppData\Local\Programs\Python\Python39\lib\__pycache__\fnmatch.cpython-39.pyc matches C:\Users\sendb\AppData\Local\Programs\Python\Python39\lib\fnmatch.py
# code object from 'C:\\Users\\sendb\\AppData\\Local\\Programs\\Python\\Python39\\lib\\__pycache__\\fnmatch.cpython-39.pyc'
# C:\Users\sendb\AppData\Local\Programs\Python\Python39\lib\__pycache__\posixpath.cpython-39.pyc matches C:\Users\sendb\AppData\Local\Programs\Python\Python39\lib\posixpath.py
# code object from 'C:\\Users\\sendb\\AppData\\Local\\Programs\\Python\\Python39\\lib\\__pycache__\\posixpath.cpython-39.pyc'
import 'posixpath' # <_frozen_importlib_external.SourceFileLoader object at 0x00000202EB5FF230>
import 'fnmatch' # <_frozen_importlib_external.SourceFileLoader object at 0x00000202EB5FD500>
import 'errno' # <class '_frozen_importlib.BuiltinImporter'>
# C:\Users\sendb\AppData\Local\Programs\Python\Python39\lib\urllib\__pycache__\__init__.cpython-39.pyc matches C:\Users\sendb\AppData\Local\Programs\Python\Python39\lib\urllib\__init__.py
# code object from 'C:\\Users\\sendb\\AppData\\Local\\Programs\\Python\\Python39\\lib\\urllib\\__pycache__\\__init__.cpython-39.pyc'
import 'urllib' # <_frozen_importlib_external.SourceFileLoader object at 0x00000202EB608460>
# C:\Users\sendb\AppData\Local\Programs\Python\Python39\lib\urllib\__pycache__\parse.cpython-39.pyc matches C:\Users\sendb\AppData\Local\Programs\Python\Python39\lib\urllib\parse.py
# code object from 'C:\\Users\\sendb\\AppData\\Local\\Programs\\Python\\Python39\\lib\\urllib\\__pycache__\\parse.cpython-39.pyc'
import 'urllib.parse' # <_frozen_importlib_external.SourceFileLoader object at 0x00000202EB608550>
import 'pathlib' # <_frozen_importlib_external.SourceFileLoader object at 0x00000202E9E2E0A0>
# C:\Users\sendb\AppData\Local\Programs\Python\Python39\lib\__pycache__\datetime.cpython-39.pyc matches C:\Users\sendb\AppData\Local\Programs\Python\Python39\lib\datetime.py
# code object from 'C:\\Users\\sendb\\AppData\\Local\\Programs\\Python\\Python39\\lib\\__pycache__\\datetime.cpython-39.pyc'
import 'math' # <class '_frozen_importlib.BuiltinImporter'>
import '_datetime' # <class '_frozen_importlib.BuiltinImporter'>
import 'datetime' # <_frozen_importlib_external.SourceFileLoader object at 0x00000202E9E2E820>
# clear builtins._
# clear sys.path
# clear sys.argv
# clear sys.ps1
# clear sys.ps2
# clear sys.last_type
# clear sys.last_value
# clear sys.last_traceback
# clear sys.path_hooks
# clear sys.path_importer_cache
# clear sys.meta_path
# clear sys.__interactivehook__
# restore sys.stdin
# restore sys.stdout
# restore sys.stderr
# cleanup[2] removing sys
# cleanup[2] removing builtins
# cleanup[2] removing _frozen_importlib
# cleanup[2] removing _imp
# cleanup[2] removing _thread
# cleanup[2] removing _warnings
# cleanup[2] removing _weakref
# cleanup[2] removing _io
# cleanup[2] removing marshal
# cleanup[2] removing nt
# cleanup[2] removing winreg
# cleanup[2] removing _frozen_importlib_external
# cleanup[2] removing time
# cleanup[2] removing zipimport
# destroy zipimport
# cleanup[2] removing faulthandler
# cleanup[2] removing _codecs
# cleanup[2] removing codecs
# cleanup[2] removing encodings.aliases
# cleanup[2] removing encodings
# destroy encodings
# cleanup[2] removing encodings.utf_8
# cleanup[2] removing encodings.cp1252
# cleanup[2] removing _signal
# cleanup[2] removing encodings.latin_1
# cleanup[2] removing _abc
# cleanup[2] removing abc
# cleanup[2] removing io
# cleanup[2] removing __main__
# destroy __main__
# cleanup[2] removing warnings
# cleanup[2] removing _stat
# cleanup[2] removing stat
# cleanup[2] removing _collections_abc
# cleanup[2] removing genericpath
# cleanup[2] removing ntpath
# cleanup[2] removing os.path
# cleanup[2] removing os
# cleanup[2] removing _sitebuiltins
# cleanup[2] removing _locale
# cleanup[2] removing _bootlocale
# destroy _bootlocale
# cleanup[2] removing types
# cleanup[2] removing importlib._bootstrap
# cleanup[2] removing importlib._bootstrap_external
# cleanup[2] removing importlib
# destroy importlib
# cleanup[2] removing importlib.machinery
# cleanup[2] removing _heapq
# cleanup[2] removing heapq
# cleanup[2] removing itertools
# cleanup[2] removing keyword
# destroy keyword
# cleanup[2] removing _operator
# cleanup[2] removing operator
# cleanup[2] removing reprlib
# destroy reprlib
# cleanup[2] removing _collections
# cleanup[2] removing collections
# cleanup[2] removing collections.abc
# cleanup[2] removing _functools
# cleanup[2] removing functools
# cleanup[2] removing contextlib
# cleanup[2] removing enum
# cleanup[2] removing _sre
# cleanup[2] removing sre_constants
# destroy sre_constants
# cleanup[2] removing sre_parse
# cleanup[2] removing sre_compile
# cleanup[2] removing copyreg
# cleanup[2] removing re
# cleanup[2] removing typing
# destroy typing
# cleanup[2] removing importlib.abc
# cleanup[2] removing importlib.util
# cleanup[2] removing mpl_toolkits
# destroy mpl_toolkits
# cleanup[2] removing google
# destroy google
# cleanup[2] removing pywin32_system32
# cleanup[2] removing pywin32_bootstrap
# destroy pywin32_bootstrap
# destroy pywin32_system32
# cleanup[2] removing site
# destroy site
# cleanup[2] removing encodings.ascii
# cleanup[2] removing _hashlib
# cleanup[2] removing _blake2
# cleanup[2] removing hashlib
# cleanup[2] removing _json
# cleanup[2] removing json.scanner
# cleanup[2] removing json.decoder
# cleanup[2] removing json.encoder
# cleanup[2] removing json
# cleanup[2] removing posixpath
# cleanup[2] removing fnmatch
# cleanup[2] removing errno
# destroy errno
# cleanup[2] removing urllib
# destroy urllib
# cleanup[2] removing urllib.parse
# destroy urllib.parse
# cleanup[2] removing pathlib
# cleanup[2] removing math
# cleanup[2] removing _datetime
# cleanup[2] removing datetime
# destroy time
# destroy hashlib
# destroy json
# destroy pathlib
# destroy datetime
# destroy _sitebuiltins
# destroy importlib.util
# destroy importlib.abc
# destroy importlib.machinery
# destroy contextlib
# destroy operator
# destroy heapq
# destroy collections.abc
# destroy _heapq
# destroy itertools
# destroy _operator
# destroy _collections
# destroy abc
# destroy _collections_abc
# destroy _abc
# destroy _functools
# destroy enum
# destroy sre_compile
# destroy _locale
# destroy copyreg
# destroy sre_parse
# destroy json.decoder
# destroy json.encoder
# destroy json.scanner
# destroy _json
# destroy fnmatch
# destroy io
# destroy _stat
# destroy functools
# destroy os
# destroy stat
# destroy genericpath
# destroy re
# destroy types
# destroy collections
# destroy warnings
# destroy ntpath
# destroy posixpath
# destroy math
# cleanup[3] wiping _datetime
# cleanup[3] wiping _blake2
# cleanup[3] wiping _hashlib
# cleanup[3] wiping encodings.ascii
# cleanup[3] wiping _sre
# cleanup[3] wiping importlib._bootstrap_external
# cleanup[3] wiping importlib._bootstrap
# destroy _frozen_importlib_external
# cleanup[3] wiping encodings.latin_1
# cleanup[3] wiping _signal
# cleanup[3] wiping encodings.cp1252
# cleanup[3] wiping encodings.utf_8
# cleanup[3] wiping encodings.aliases
# cleanup[3] wiping codecs
# cleanup[3] wiping _codecs
# cleanup[3] wiping faulthandler
# cleanup[3] wiping winreg
# cleanup[3] wiping nt
# cleanup[3] wiping marshal
# cleanup[3] wiping _io
# cleanup[3] wiping _weakref
# destroy _weakref
# cleanup[3] wiping _warnings
# cleanup[3] wiping _thread
# cleanup[3] wiping _imp
# destroy _imp
# cleanup[3] wiping _frozen_importlib
# cleanup[3] wiping sys
# cleanup[3] wiping builtins
# destroy _datetime
# destroy _blake2
# destroy _hashlib
# destroy _sre
# destroy _signal
# destroy faulthandler
# destroy winreg
# destroy marshal
# destroy io
# destroy _warnings
# destroy _thread
# destroy nt
# destroy _frozen_importlib
# clear sys.audit hooks
